Remaining: 4978 Maximum: 5000

Total issues and pull requests to retrieve:  47799
     Process is sleeping 1 hour due maximum rate limit reached.

(5000, 5000)
     Process is sleeping 1 hour due maximum rate limit reached.

(5000, 5000)
     Process is sleeping 1 hour due maximum rate limit reached.

(5000, 5000)
     Process is sleeping 1 hour due maximum rate limit reached.

(5000, 5000)
     Process is sleeping 1 hour due maximum rate limit reached.

(5000, 5000)
     Process is sleeping 1 hour due maximum rate limit reached.

(5000, 5000)
     Process is sleeping 1 hour due maximum rate limit reached.

(5000, 5000)
     Process is sleeping 1 hour due maximum rate limit reached.

(5000, 5000)
     Process is sleeping 1 hour due maximum rate limit reached.

(5000, 5000)
     Process is sleeping 1 hour due maximum rate limit reached.

(5000, 5000)
     Process is sleeping 1 hour due maximum rate limit reached.

(5000, 5000)
     Process is sleeping 1 hour due maximum rate limit reached.

(5000, 5000)
Sleeping 1 seconds.
Sleeping 1 seconds.
Sleeping 1 seconds.
     Process is sleeping 1 hour due maximum rate limit reached.

(5000, 5000)
     Process is sleeping 1 hour due maximum rate limit reached.

(5000, 5000)
     Process is sleeping 1 hour due maximum rate limit reached.

(5000, 5000)
(4960, 5000)
